<?xml version="1.0" encoding="UTF-8"?>
<!-- Generated by org.testng.reporters.JUnitReportReporter -->
<testsuite hostname="LAPTOP-I1LONDHL" failures="0" tests="1" name="com.example.FirstSeleniumTest" time="23.718" errors="0" timestamp="2022-09-28T10:21:15 IST" skipped="0">
  <testcase classname="com.example.FirstSeleniumTest" name="f" time="23.718"/>
</testsuite> <!-- com.example.FirstSeleniumTest -->
