<?xml version="1.0" encoding="UTF-8"?>
<!-- Generated by org.testng.reporters.JUnitReportReporter -->
<testsuite hostname="LAPTOP-I1LONDHL" failures="0" tests="1" name="com.example.NewTest1" time="4.377" errors="0" timestamp="2022-09-28T08:39:50 IST" skipped="0">
  <testcase classname="com.example.NewTest1" name="f" time="4.377"/>
</testsuite> <!-- com.example.NewTest1 -->
