<?xml version="1.0" encoding="UTF-8"?>
<!-- Generated by org.testng.reporters.JUnitReportReporter -->
<testsuite hostname="LAPTOP-I1LONDHL" failures="0" tests="2" name="BasicAnnotationsExamples.TestAnnotations" time="0.013" errors="0" timestamp="2022-09-28T11:28:23 IST" skipped="0">
  <testcase classname="BasicAnnotationsExamples.TestAnnotations" name="Test1" time="0.010"/>
  <testcase classname="BasicAnnotationsExamples.TestAnnotations" name="Test2" time="0.003"/>
</testsuite> <!-- BasicAnnotationsExamples.TestAnnotations -->
