<?xml version="1.0" encoding="UTF-8"?>
<!-- Generated by org.testng.reporters.JUnitReportReporter -->
<testsuite hostname="LAPTOP-I1LONDHL" failures="0" tests="2" name="testingexample.TestDetails1" time="0.021" errors="0" timestamp="2022-09-28T10:06:51 IST" skipped="0">
  <testcase classname="testingexample.TestDetails1" name="testmethod" time="0.019"/>
  <testcase classname="testingexample.TestDetails1" name="testmethod1" time="0.002"/>
</testsuite> <!-- testingexample.TestDetails1 -->
