<?xml version="1.0" encoding="UTF-8"?>
<!-- Generated by org.testng.reporters.JUnitReportReporter -->
<testsuite hostname="LAPTOP-I1LONDHL" failures="0" tests="1" name="testingexample.TestDetails2" time="0.002" errors="0" timestamp="2022-09-28T10:06:51 IST" skipped="0">
  <testcase classname="testingexample.TestDetails2" name="testmethod" time="0.002"/>
</testsuite> <!-- testingexample.TestDetails2 -->
