<?xml version="1.0" encoding="UTF-8"?>
<!-- Generated by org.testng.reporters.JUnitReportReporter -->
<testsuite hostname="LAPTOP-I1LONDHL" failures="0" tests="1" name="com.example.Test1" time="0.009" errors="0" timestamp="2022-09-28T08:37:32 IST" skipped="0">
  <testcase classname="com.example.Test1" name="f" time="0.009"/>
</testsuite> <!-- com.example.Test1 -->
