<?xml version="1.0" encoding="UTF-8"?>
<!-- Generated by org.testng.reporters.JUnitReportReporter -->
<testsuite hostname="LAPTOP-I1LONDHL" failures="0" tests="1" name="com.example.NewTestDemo" time="2.238" errors="0" timestamp="2022-09-28T11:01:12 IST" skipped="0">
  <testcase classname="com.example.NewTestDemo" name="test" time="2.238"/>
</testsuite> <!-- com.example.NewTestDemo -->
