<?xml version="1.0" encoding="UTF-8"?>
<!-- Generated by org.testng.reporters.JUnitReportReporter -->
<testsuite hostname="LAPTOP-I1LONDHL" failures="0" tests="1" name="com.example.NewTest" time="10.598" errors="0" timestamp="2022-09-28T10:18:25 IST" skipped="0">
  <testcase classname="com.example.NewTest" name="f" time="10.598"/>
</testsuite> <!-- com.example.NewTest -->
