<?xml version="1.0" encoding="UTF-8"?>
<!-- Generated by org.testng.reporters.JUnitReportReporter -->
<testsuite hostname="LAPTOP-I1LONDHL" failures="0" tests="1" name="testingexample.TestAnnotationParameter" time="0.026" errors="0" timestamp="2022-09-28T10:37:43 IST" skipped="0">
  <testcase classname="testingexample.TestAnnotationParameter" name="Sum" time="0.026"/>
</testsuite> <!-- testingexample.TestAnnotationParameter -->
