<?xml version="1.0" encoding="UTF-8"?>
<!-- Generated by org.testng.reporters.JUnitReportReporter -->
<testsuite hostname="LAPTOP-I1LONDHL" failures="0" tests="1" name="com.example.ScreenShotTest" time="40.955" errors="0" timestamp="2022-09-28T19:53:43 IST" skipped="0">
  <testcase classname="com.example.ScreenShotTest" name="f" time="40.955"/>
</testsuite> <!-- com.example.ScreenShotTest -->
