<?xml version="1.0" encoding="UTF-8"?>
<!-- Generated by org.testng.reporters.JUnitReportReporter -->
<testsuite hostname="LAPTOP-I1LONDHL" failures="0" tests="4" name="testingexample.DataProviderTest" time="0.021" errors="0" timestamp="2022-09-28T10:14:31 IST" skipped="0">
  <testcase classname="testingexample.DataProviderTest" name="testMethodOne" time="0.003"/>
  <testcase classname="testingexample.DataProviderTest" name="testMethodOne" time="0.014"/>
  <testcase classname="testingexample.DataProviderTest" name="testMethodTwo" time="0.002"/>
  <testcase classname="testingexample.DataProviderTest" name="testMethodTwo" time="0.002"/>
</testsuite> <!-- testingexample.DataProviderTest -->
