<?xml version="1.0" encoding="UTF-8"?>
<!-- Generated by org.testng.reporters.JUnitReportReporter -->
<testsuite hostname="LAPTOP-I1LONDHL" failures="0" tests="1" name="testingexample.SampleTest" time="0.016" errors="0" timestamp="2022-09-28T10:04:10 IST" skipped="0">
  <testcase classname="testingexample.SampleTest" name="testmethod" time="0.016"/>
</testsuite> <!-- testingexample.SampleTest -->
