<?xml version="1.0" encoding="UTF-8"?>
<!-- Generated by org.testng.reporters.JUnitReportReporter -->
<testsuite hostname="LAPTOP-I1LONDHL" failures="0" tests="1" name="com.example.XpathExample" time="4.600" errors="0" timestamp="2022-09-28T19:54:56 IST" skipped="0">
  <testcase classname="com.example.XpathExample" name="f" time="4.600"/>
</testsuite> <!-- com.example.XpathExample -->
