<?xml version="1.0" encoding="UTF-8"?>
<!-- Generated by org.testng.reporters.JUnitReportReporter -->
<testsuite hostname="LAPTOP-I1LONDHL" failures="0" tests="2" name="BasicAnnotationsExamples.TestAnnotationBeforeGroups" time="0.016" errors="0" timestamp="2022-09-28T11:56:53 IST" skipped="0">
  <testcase classname="BasicAnnotationsExamples.TestAnnotationBeforeGroups" name="testMethod1" time="0.002"/>
  <testcase classname="BasicAnnotationsExamples.TestAnnotationBeforeGroups" name="testMethod" time="0.014"/>
</testsuite> <!-- BasicAnnotationsExamples.TestAnnotationBeforeGroups -->
